<?xml version="1.0" encoding="UTF-8"?>
<!-- Generated by org.testng.reporters.JUnitReportReporter -->
<testsuite hostname="DESKTOP-O8VLJVA" failures="0" tests="1" name="javaPrograms.NewDemo" time="13.053" errors="0" timestamp="2020-01-11T13:37:37 IST" skipped="0">
  <testcase classname="javaPrograms.NewDemo" name="test" time="13.053"/>
</testsuite> <!-- javaPrograms.NewDemo -->
