<?xml version="1.0" encoding="UTF-8"?>
<!-- Generated by org.testng.reporters.JUnitReportReporter -->
<testsuite hostname="DESKTOP-O8VLJVA" failures="0" tests="1" name="javaPrograms.MonsterDemo" time="26.108" errors="0" timestamp="2020-01-09T01:04:07 IST" skipped="0">
  <testcase classname="javaPrograms.MonsterDemo" name="test" time="26.108"/>
</testsuite> <!-- javaPrograms.MonsterDemo -->
