<?xml version="1.0" encoding="UTF-8"?>
<!-- Generated by org.testng.reporters.JUnitReportReporter -->
<testsuite hostname="DESKTOP-O8VLJVA" failures="0" tests="1" name="javaPrograms.SelectDemo" time="18.091" errors="0" timestamp="2020-01-05T20:57:15 IST" skipped="0">
  <testcase classname="javaPrograms.SelectDemo" name="test" time="18.091"/>
</testsuite> <!-- javaPrograms.SelectDemo -->
